# JRE version: OpenJDK Runtime Environment Temurin-21.0.8+9 (21.0.8+9) (build 21.0.8+9-LTS)
# Java VM: OpenJDK 64-Bit Server VM Temurin-21.0.8+9 (21.0.8+9-LTS, mixed mode, sharing, tiered, compressed oops, compressed class ptrs, parallel gc, windows-amd64)
GC Precious Log:
 CardTable entry size: 512
 CPUs: 4 total, 4 available
 Memory: 16284M
 Large Page Support: Disabled
 NUMA Support: Disabled
 Compressed Oops: Enabled (32-bit)
 Alignments: Space 512K, Generation 512K, Heap 2M
 Heap Min Capacity: 100M
 Heap Initial Capacity: 100M
 Heap Max Capacity: 2G
 Pre-touch: Disabled
 Parallel Workers: 4
Heap:
 PSYoungGen      total 5632K, used 125K [0x00000000d5580000, 0x00000000d5f00000, 0x0000000100000000)
  eden space 5120K, 0% used [0x00000000d5580000,0x00000000d5580000,0x00000000d5a80000)
  from space 512K, 24% used [0x00000000d5a80000,0x00000000d5a9f650,0x00000000d5b00000)
  to   space 1536K, 0% used [0x00000000d5d80000,0x00000000d5d80000,0x00000000d5f00000)
 ParOldGen       total 710656K, used 710543K [0x0000000080000000, 0x00000000ab600000, 0x00000000d5580000)
  object space 710656K, 99% used [0x0000000080000000,0x00000000ab5e3ff0,0x00000000ab600000)
 Metaspace       used 84699K, committed 86464K, reserved 1179648K
  class space    used 8653K, committed 9472K, reserved 1048576K
GC Heap History (20 events):
Event: 25914.237 GC heap after
{Heap after GC invocations=1696 (full 4):
 PSYoungGen      total 7680K, used 1021K [0x00000000d5580000, 0x00000000d5e80000, 0x0000000100000000)
  eden space 6144K, 0% used [0x00000000d5580000,0x00000000d5580000,0x00000000d5b80000)
  from space 1536K, 66% used [0x00000000d5d00000,0x00000000d5dff420,0x00000000d5e80000)
  to   space 1536K, 0% used [0x00000000d5b80000,0x00000000d5b80000,0x00000000d5d00000)
 ParOldGen       total 697856K, used 697763K [0x0000000080000000, 0x00000000aa980000, 0x00000000d5580000)
  object space 697856K, 99% used [0x0000000080000000,0x00000000aa968fc8,0x00000000aa980000)
 Metaspace       used 84683K, committed 86400K, reserved 1179648K
  class space    used 8651K, committed 9472K, reserved 1048576K
}
Event: 25914.289 GC heap before
{Heap before GC invocations=1697 (full 4):
 PSYoungGen      total 7680K, used 7165K [0x00000000d5580000, 0x00000000d5e80000, 0x0000000100000000)
  eden space 6144K, 100% used [0x00000000d5580000,0x00000000d5b80000,0x00000000d5b80000)
  from space 1536K, 66% used [0x00000000d5d00000,0x00000000d5dff420,0x00000000d5e80000)
  to   space 1536K, 0% used [0x00000000d5b80000,0x00000000d5b80000,0x00000000d5d00000)
 ParOldGen       total 697856K, used 697763K [0x0000000080000000, 0x00000000aa980000, 0x00000000d5580000)
  object space 697856K, 99% used [0x0000000080000000,0x00000000aa968fc8,0x00000000aa980000)
 Metaspace       used 84692K, committed 86464K, reserved 1179648K
  class space    used 8653K, committed 9472K, reserved 1048576K
}
Event: 25914.292 GC heap after
{Heap after GC invocations=1697 (full 4):
 PSYoungGen      total 7680K, used 445K [0x00000000d5580000, 0x00000000d5f00000, 0x0000000100000000)
  eden space 6144K, 0% used [0x00000000d5580000,0x00000000d5580000,0x00000000d5b80000)
  from space 1536K, 29% used [0x00000000d5b80000,0x00000000d5bef670,0x00000000d5d00000)
  to   space 1024K, 0% used [0x00000000d5e00000,0x00000000d5e00000,0x00000000d5f00000)
 ParOldGen       total 698880K, used 698735K [0x0000000080000000, 0x00000000aaa80000, 0x00000000d5580000)
  object space 698880K, 99% used [0x0000000080000000,0x00000000aaa5be80,0x00000000aaa80000)
 Metaspace       used 84692K, committed 86464K, reserved 1179648K
  class space    used 8653K, committed 9472K, reserved 1048576K
}
Event: 25914.316 GC heap before
{Heap before GC invocations=1698 (full 4):
 PSYoungGen      total 7680K, used 6589K [0x00000000d5580000, 0x00000000d5f00000, 0x0000000100000000)
  eden space 6144K, 100% used [0x00000000d5580000,0x00000000d5b80000,0x00000000d5b80000)
  from space 1536K, 29% used [0x00000000d5b80000,0x00000000d5bef670,0x00000000d5d00000)
  to   space 1024K, 0% used [0x00000000d5e00000,0x00000000d5e00000,0x00000000d5f00000)
 ParOldGen       total 698880K, used 698735K [0x0000000080000000, 0x00000000aaa80000, 0x00000000d5580000)
  object space 698880K, 99% used [0x0000000080000000,0x00000000aaa5be80,0x00000000aaa80000)
 Metaspace       used 84692K, committed 86464K, reserved 1179648K
  class space    used 8653K, committed 9472K, reserved 1048576K
}
Event: 25914.322 GC heap after
{Heap after GC invocations=1698 (full 4):
 PSYoungGen      total 6656K, used 1010K [0x00000000d5580000, 0x00000000d6300000, 0x0000000100000000)
  eden space 5632K, 0% used [0x00000000d5580000,0x00000000d5580000,0x00000000d5b00000)
  from space 1024K, 98% used [0x00000000d5e00000,0x00000000d5efcab0,0x00000000d5f00000)
  to   space 3072K, 0% used [0x00000000d5b00000,0x00000000d5b00000,0x00000000d5e00000)
 ParOldGen       total 700416K, used 700105K [0x0000000080000000, 0x00000000aac00000, 0x00000000d5580000)
  object space 700416K, 99% used [0x0000000080000000,0x00000000aabb2698,0x00000000aac00000)
 Metaspace       used 84692K, committed 86464K, reserved 1179648K
  class space    used 8653K, committed 9472K, reserved 1048576K
}
Event: 25914.720 GC heap before
{Heap before GC invocations=1699 (full 4):
 PSYoungGen      total 6656K, used 6642K [0x00000000d5580000, 0x00000000d6300000, 0x0000000100000000)
  eden space 5632K, 100% used [0x00000000d5580000,0x00000000d5b00000,0x00000000d5b00000)
  from space 1024K, 98% used [0x00000000d5e00000,0x00000000d5efcab0,0x00000000d5f00000)
  to   space 3072K, 0% used [0x00000000d5b00000,0x00000000d5b00000,0x00000000d5e00000)
 ParOldGen       total 700416K, used 700105K [0x0000000080000000, 0x00000000aac00000, 0x00000000d5580000)
  object space 700416K, 99% used [0x0000000080000000,0x00000000aabb2698,0x00000000aac00000)
 Metaspace       used 84696K, committed 86464K, reserved 1179648K
  class space    used 8653K, committed 9472K, reserved 1048576K
}
Event: 25914.733 GC heap after
{Heap after GC invocations=1699 (full 4):
 PSYoungGen      total 7168K, used 1323K [0x00000000d5580000, 0x00000000d5f00000, 0x0000000100000000)
  eden space 5632K, 0% used [0x00000000d5580000,0x00000000d5580000,0x00000000d5b00000)
  from space 1536K, 86% used [0x00000000d5b00000,0x00000000d5c4acb8,0x00000000d5c80000)
  to   space 2048K, 0% used [0x00000000d5d00000,0x00000000d5d00000,0x00000000d5f00000)
 ParOldGen       total 701440K, used 701118K [0x0000000080000000, 0x00000000aad00000, 0x00000000d5580000)
  object space 701440K, 99% used [0x0000000080000000,0x00000000aacafb60,0x00000000aad00000)
 Metaspace       used 84696K, committed 86464K, reserved 1179648K
  class space    used 8653K, committed 9472K, reserved 1048576K
}
Event: 25914.787 GC heap before
{Heap before GC invocations=1700 (full 4):
 PSYoungGen      total 7168K, used 6955K [0x00000000d5580000, 0x00000000d5f00000, 0x0000000100000000)
  eden space 5632K, 100% used [0x00000000d5580000,0x00000000d5b00000,0x00000000d5b00000)
  from space 1536K, 86% used [0x00000000d5b00000,0x00000000d5c4acb8,0x00000000d5c80000)
  to   space 2048K, 0% used [0x00000000d5d00000,0x00000000d5d00000,0x00000000d5f00000)
 ParOldGen       total 701440K, used 701118K [0x0000000080000000, 0x00000000aad00000, 0x00000000d5580000)
  object space 701440K, 99% used [0x0000000080000000,0x00000000aacafb60,0x00000000aad00000)
 Metaspace       used 84696K, committed 86464K, reserved 1179648K
  class space    used 8653K, committed 9472K, reserved 1048576K
}
Event: 25914.791 GC heap after
{Heap after GC invocations=1700 (full 4):
 PSYoungGen      total 7680K, used 1920K [0x00000000d5580000, 0x00000000d5f00000, 0x0000000100000000)
  eden space 5632K, 0% used [0x00000000d5580000,0x00000000d5580000,0x00000000d5b00000)
  from space 2048K, 93% used [0x00000000d5d00000,0x00000000d5ee0020,0x00000000d5f00000)
  to   space 2048K, 0% used [0x00000000d5b00000,0x00000000d5b00000,0x00000000d5d00000)
 ParOldGen       total 702464K, used 702390K [0x0000000080000000, 0x00000000aae00000, 0x00000000d5580000)
  object space 702464K, 99% used [0x0000000080000000,0x00000000aaded858,0x00000000aae00000)
 Metaspace       used 84696K, committed 86464K, reserved 1179648K
  class space    used 8653K, committed 9472K, reserved 1048576K
}
Event: 25914.811 GC heap before
{Heap before GC invocations=1701 (full 4):
 PSYoungGen      total 7680K, used 7552K [0x00000000d5580000, 0x00000000d5f00000, 0x0000000100000000)
  eden space 5632K, 100% used [0x00000000d5580000,0x00000000d5b00000,0x00000000d5b00000)
  from space 2048K, 93% used [0x00000000d5d00000,0x00000000d5ee0020,0x00000000d5f00000)
  to   space 2048K, 0% used [0x00000000d5b00000,0x00000000d5b00000,0x00000000d5d00000)
 ParOldGen       total 702464K, used 702390K [0x0000000080000000, 0x00000000aae00000, 0x00000000d5580000)
  object space 702464K, 99% used [0x0000000080000000,0x00000000aaded858,0x00000000aae00000)
 Metaspace       used 84696K, committed 86464K, reserved 1179648K
  class space    used 8653K, committed 9472K, reserved 1048576K
}
Event: 25914.816 GC heap after
{Heap after GC invocations=1701 (full 4):
 PSYoungGen      total 7680K, used 2044K [0x00000000d5580000, 0x00000000d6400000, 0x0000000100000000)
  eden space 5632K, 0% used [0x00000000d5580000,0x00000000d5580000,0x00000000d5b00000)
  from space 2048K, 99% used [0x00000000d5b00000,0x00000000d5cff220,0x00000000d5d00000)
  to   space 4608K, 0% used [0x00000000d5f80000,0x00000000d5f80000,0x00000000d6400000)
 ParOldGen       total 704512K, used 704179K [0x0000000080000000, 0x00000000ab000000, 0x00000000d5580000)
  object space 704512K, 99% used [0x0000000080000000,0x00000000aaface88,0x00000000ab000000)
 Metaspace       used 84696K, committed 86464K, reserved 1179648K
  class space    used 8653K, committed 9472K, reserved 1048576K
}
Event: 25915.036 GC heap before
{Heap before GC invocations=1702 (full 4):
 PSYoungGen      total 7680K, used 7650K [0x00000000d5580000, 0x00000000d6400000, 0x0000000100000000)
  eden space 5632K, 99% used [0x00000000d5580000,0x00000000d5af97b8,0x00000000d5b00000)
  from space 2048K, 99% used [0x00000000d5b00000,0x00000000d5cff220,0x00000000d5d00000)
  to   space 4608K, 0% used [0x00000000d5f80000,0x00000000d5f80000,0x00000000d6400000)
 ParOldGen       total 704512K, used 704179K [0x0000000080000000, 0x00000000ab000000, 0x00000000d5580000)
  object space 704512K, 99% used [0x0000000080000000,0x00000000aaface88,0x00000000ab000000)
 Metaspace       used 84698K, committed 86464K, reserved 1179648K
  class space    used 8653K, committed 9472K, reserved 1048576K
}
Event: 25915.041 GC heap after
{Heap after GC invocations=1702 (full 4):
 PSYoungGen      total 6656K, used 910K [0x00000000d5580000, 0x00000000d6080000, 0x0000000100000000)
  eden space 5632K, 0% used [0x00000000d5580000,0x00000000d5580000,0x00000000d5b00000)
  from space 1024K, 88% used [0x00000000d5f80000,0x00000000d6063bf8,0x00000000d6080000)
  to   space 2048K, 0% used [0x00000000d5c80000,0x00000000d5c80000,0x00000000d5e80000)
 ParOldGen       total 706560K, used 706175K [0x0000000080000000, 0x00000000ab200000, 0x00000000d5580000)
  object space 706560K, 99% used [0x0000000080000000,0x00000000ab19fcb0,0x00000000ab200000)
 Metaspace       used 84698K, committed 86464K, reserved 1179648K
  class space    used 8653K, committed 9472K, reserved 1048576K
}
Event: 25915.061 GC heap before
{Heap before GC invocations=1703 (full 4):
 PSYoungGen      total 6656K, used 6542K [0x00000000d5580000, 0x00000000d6080000, 0x0000000100000000)
  eden space 5632K, 100% used [0x00000000d5580000,0x00000000d5b00000,0x00000000d5b00000)
  from space 1024K, 88% used [0x00000000d5f80000,0x00000000d6063bf8,0x00000000d6080000)
  to   space 2048K, 0% used [0x00000000d5c80000,0x00000000d5c80000,0x00000000d5e80000)
 ParOldGen       total 706560K, used 706175K [0x0000000080000000, 0x00000000ab200000, 0x00000000d5580000)
  object space 706560K, 99% used [0x0000000080000000,0x00000000ab19fcb0,0x00000000ab200000)
 Metaspace       used 84698K, committed 86464K, reserved 1179648K
  class space    used 8653K, committed 9472K, reserved 1048576K
}
Event: 25915.065 GC heap after
{Heap after GC invocations=1703 (full 4):
 PSYoungGen      total 7680K, used 1949K [0x00000000d5580000, 0x00000000d6000000, 0x0000000100000000)
  eden space 5632K, 0% used [0x00000000d5580000,0x00000000d5580000,0x00000000d5b00000)
  from space 2048K, 95% used [0x00000000d5c80000,0x00000000d5e67670,0x00000000d5e80000)
  to   space 1536K, 0% used [0x00000000d5e80000,0x00000000d5e80000,0x00000000d6000000)
 ParOldGen       total 707072K, used 706963K [0x0000000080000000, 0x00000000ab280000, 0x00000000d5580000)
  object space 707072K, 99% used [0x0000000080000000,0x00000000ab264d18,0x00000000ab280000)
 Metaspace       used 84698K, committed 86464K, reserved 1179648K
  class space    used 8653K, committed 9472K, reserved 1048576K
}
Event: 25915.119 GC heap before
{Heap before GC invocations=1704 (full 4):
 PSYoungGen      total 7680K, used 7515K [0x00000000d5580000, 0x00000000d6000000, 0x0000000100000000)
  eden space 5632K, 98% used [0x00000000d5580000,0x00000000d5aef938,0x00000000d5b00000)
  from space 2048K, 95% used [0x00000000d5c80000,0x00000000d5e67670,0x00000000d5e80000)
  to   space 1536K, 0% used [0x00000000d5e80000,0x00000000d5e80000,0x00000000d6000000)
 ParOldGen       total 707072K, used 706963K [0x0000000080000000, 0x00000000ab280000, 0x00000000d5580000)
  object space 707072K, 99% used [0x0000000080000000,0x00000000ab264d18,0x00000000ab280000)
 Metaspace       used 84699K, committed 86464K, reserved 1179648K
  class space    used 8653K, committed 9472K, reserved 1048576K
}
Event: 25915.123 GC heap after
{Heap after GC invocations=1704 (full 4):
 PSYoungGen      total 6656K, used 1516K [0x00000000d5580000, 0x00000000d6300000, 0x0000000100000000)
  eden space 5120K, 0% used [0x00000000d5580000,0x00000000d5580000,0x00000000d5a80000)
  from space 1536K, 98% used [0x00000000d5e80000,0x00000000d5ffb200,0x00000000d6000000)
  to   space 4096K, 0% used [0x00000000d5a80000,0x00000000d5a80000,0x00000000d5e80000)
 ParOldGen       total 709120K, used 709097K [0x0000000080000000, 0x00000000ab480000, 0x00000000d5580000)
  object space 709120K, 99% used [0x0000000080000000,0x00000000ab47a7e0,0x00000000ab480000)
 Metaspace       used 84699K, committed 86464K, reserved 1179648K
  class space    used 8653K, committed 9472K, reserved 1048576K
}
Event: 25915.241 GC heap before
{Heap before GC invocations=1705 (full 4):
 PSYoungGen      total 6656K, used 4479K [0x00000000d5580000, 0x00000000d6300000, 0x0000000100000000)
  eden space 5120K, 57% used [0x00000000d5580000,0x00000000d5864cd0,0x00000000d5a80000)
  from space 1536K, 98% used [0x00000000d5e80000,0x00000000d5ffb200,0x00000000d6000000)
  to   space 4096K, 0% used [0x00000000d5a80000,0x00000000d5a80000,0x00000000d5e80000)
 ParOldGen       total 709120K, used 709097K [0x0000000080000000, 0x00000000ab480000, 0x00000000d5580000)
  object space 709120K, 99% used [0x0000000080000000,0x00000000ab47a7e0,0x00000000ab480000)
 Metaspace       used 84699K, committed 86464K, reserved 1179648K
  class space    used 8653K, committed 9472K, reserved 1048576K
}
Event: 25915.245 GC heap after
{Heap after GC invocations=1705 (full 4):
 PSYoungGen      total 5632K, used 125K [0x00000000d5580000, 0x00000000d5f00000, 0x0000000100000000)
  eden space 5120K, 0% used [0x00000000d5580000,0x00000000d5580000,0x00000000d5a80000)
  from space 512K, 24% used [0x00000000d5a80000,0x00000000d5a9f650,0x00000000d5b00000)
  to   space 1536K, 0% used [0x00000000d5d80000,0x00000000d5d80000,0x00000000d5f00000)
 ParOldGen       total 710656K, used 710543K [0x0000000080000000, 0x00000000ab600000, 0x00000000d5580000)
  object space 710656K, 99% used [0x0000000080000000,0x00000000ab5e3ff0,0x00000000ab600000)
 Metaspace       used 84699K, committed 86464K, reserved 1179648K
  class space    used 8653K, committed 9472K, reserved 1048576K
}
Event: 25915.245 GC heap before
{Heap before GC invocations=1706 (full 5):
 PSYoungGen      total 5632K, used 125K [0x00000000d5580000, 0x00000000d5f00000, 0x0000000100000000)
  eden space 5120K, 0% used [0x00000000d5580000,0x00000000d5580000,0x00000000d5a80000)
  from space 512K, 24% used [0x00000000d5a80000,0x00000000d5a9f650,0x00000000d5b00000)
  to   space 1536K, 0% used [0x00000000d5d80000,0x00000000d5d80000,0x00000000d5f00000)
 ParOldGen       total 710656K, used 710543K [0x0000000080000000, 0x00000000ab600000, 0x00000000d5580000)
  object space 710656K, 99% used [0x0000000080000000,0x00000000ab5e3ff0,0x00000000ab600000)
 Metaspace       used 84699K, committed 86464K, reserved 1179648K
  class space    used 8653K, committed 9472K, reserved 1048576K
}

